Tue Jun 10 17:09:22 2025,memory=8.92,cpu=88.00,uptime=11055.07,disk=91.65,net=10,proc=341
Tue Jun 10 17:09:52 2025,memory=8.77,cpu=53.00,uptime=11085.13,disk=91.65,net=10,proc=340memory=8.76,cpu=63.00,uptime=11075.09,disk=91.65,net=10,proc=340
Tue Jun 10 17:10:02 2025,memory=8.76,cpu=45.00,uptime=11095.14,disk=91.65,net=10,proc=342
Tue Jun 10 17:10:12 2025,memory=8.75,cpu=38.00,uptime=11105.14,disk=91.65,net=10,proc=341
Tue Jun 10 17:10:22 2025,memory=8.78,cpu=32.00,uptime=11115.15,disk=91.65,net=10,proc=342
Tue Jun 10 17:10:32 2025,memory=8.76,cpu=64.00,uptime=11125.15,disk=91.65,net=10,proc=341
Tue Jun 10 17:10:42 2025,memory=8.77,cpu=54.00,uptime=11135.16,disk=91.65,net=10,proc=341
Tue Jun 10 17:10:52 2025,memory=8.75,cpu=46.00,uptime=11145.16,disk=91.65,net=10,proc=341
Tue Jun 10 17:11:02 2025,memory=8.75,cpu=39.00,uptime=11155.17,disk=91.65,net=10,proc=345
Tue Jun 10 17:11:12 2025,memory=8.74,cpu=33.00,uptime=11165.19,disk=91.65,net=10,proc=345
Tue Jun 10 17:11:22 2025,memory=9.22,cpu=36.00,uptime=11175.20,disk=91.65,net=10,proc=349
Tue Jun 10 17:11:32 2025,memory=9.20,cpu=68.00,uptime=11185.24,disk=91.65,net=10,proc=348
Tue Jun 10 17:11:42 2025,memory=9.32,cpu=65.00,uptime=11195.25,disk=91.65,net=10,proc=350
Tue Jun 10 17:11:53 2025,memory=9.34,cpu=70.00,uptime=11205.25,disk=91.65,net=10,proc=349
Tue Jun 10 17:12:03 2025,memory=9.41,cpu=157.00,uptime=11215.30,disk=91.65,net=10,proc=348
Tue Jun 10 17:12:13 2025,memory=9.36,cpu=156.00,uptime=11225.31,disk=91.65,net=10,proc=347
Tue Jun 10 17:12:23 2025,memory=8.73,cpu=178.00,uptime=11235.31,disk=91.65,net=10,proc=347
Tue Jun 10 17:12:33 2025,memory=8.69,cpu=150.00,uptime=11245.32,disk=91.65,net=10,proc=346
Tue Jun 10 17:12:43 2025,memory=8.73,cpu=127.00,uptime=11255.32,disk=91.65,net=10,proc=347
Tue Jun 10 17:12:53 2025,memory=8.69,cpu=108.00,uptime=11265.33,disk=91.65,net=10,proc=346
Tue Jun 10 17:13:03 2025,memory=8.71,cpu=91.00,uptime=11275.33,disk=91.65,net=10,proc=351
Tue Jun 10 17:13:13 2025,memory=8.67,cpu=77.00,uptime=11285.35,disk=91.65,net=10,proc=350
Tue Jun 10 17:13:23 2025,memory=8.71,cpu=65.00,uptime=11295.36,disk=91.65,net=10,proc=353
Tue Jun 10 17:13:33 2025,memory=8.68,cpu=55.00,uptime=11305.41,disk=91.65,net=10,proc=352
Tue Jun 10 17:13:43 2025,memory=8.71,cpu=63.00,uptime=11315.42,disk=91.65,net=10,proc=355
Tue Jun 10 17:13:53 2025,memory=8.68,cpu=61.00,uptime=11325.43,disk=91.65,net=10,proc=354
Wed Jun 11 09:06:26 2025,memory=61.41,cpu=79.00,uptime=1014.53,disk=35.50,net=10,proc=264
Wed Jun 11 09:06:36 2025,memory=62.07,cpu=74.00,uptime=1024.53,disk=35.50,net=10,proc=261
Wed Jun 11 09:06:46 2025,memory=61.93,cpu=85.00,uptime=1034.54,disk=35.50,net=10,proc=261
Wed Jun 11 09:06:56 2025,memory=61.86,cpu=94.00,uptime=1044.54,disk=35.50,net=10,proc=262
Wed Jun 11 09:07:06 2025,memory=61.83,cpu=79.00,uptime=1054.54,disk=35.50,net=10,proc=262
Wed Jun 11 09:07:16 2025,memory=61.83,cpu=99.00,uptime=1064.55,disk=35.50,net=10,proc=262
Wed Jun 11 09:07:26 2025,memory=61.58,cpu=91.00,uptime=1074.55,disk=35.50,net=10,proc=262
Wed Jun 11 09:07:36 2025,memory=61.55,cpu=92.00,uptime=1084.56,disk=35.50,net=10,proc=262
Wed Jun 11 09:07:48 2025,memory=61.76,cpu=108.00,uptime=1094.56,disk=35.50,net=10,proc=261
Wed Jun 11 09:08:02 2025,memory=62.02,cpu=121.00,uptime=1106.62,disk=35.50,net=10,proc=261
Wed Jun 11 09:08:16 2025,memory=62.65,cpu=162.00,uptime=1120.66,disk=35.50,net=10,proc=261
Wed Jun 11 09:08:31 2025,memory=62.78,cpu=167.00,uptime=1134.68,disk=35.50,net=10,proc=261
Wed Jun 11 09:08:45 2025,memory=62.70,cpu=191.00,uptime=1148.71,disk=35.50,net=10,proc=261
Wed Jun 11 09:08:59 2025,memory=62.72,cpu=179.00,uptime=1162.76,disk=35.50,net=10,proc=261
Wed Jun 11 14:36:38 2025,memory=47.16,cpu=8.00,uptime=1151.25,disk=35.51,net=10,proc=262
Wed Jun 11 14:36:48 2025,memory=47.09,cpu=43.00,uptime=1161.26,disk=35.51,net=10,proc=259
Wed Jun 11 14:36:58 2025,memory=47.10,cpu=36.00,uptime=1171.28,disk=35.51,net=10,proc=259
Wed Jun 11 14:37:08 2025,memory=46.65,cpu=39.00,uptime=1181.28,disk=35.51,net=10,proc=259
Wed Jun 11 14:37:18 2025,memory=46.66,cpu=33.00,uptime=1191.29,disk=35.51,net=10,proc=260
Wed Jun 11 14:37:28 2025,memory=47.33,cpu=89.00,uptime=1201.30,disk=35.51,net=10,proc=260
Wed Jun 11 14:37:38 2025,memory=47.51,cpu=76.00,uptime=1211.30,disk=35.51,net=10,proc=259
Wed Jun 11 14:37:48 2025,memory=47.11,cpu=80.00,uptime=1221.30,disk=35.51,net=10,proc=258
Wed Jun 11 14:37:58 2025,memory=47.73,cpu=82.00,uptime=1231.30,disk=35.51,net=10,proc=258
Wed Jun 11 14:38:08 2025,memory=48.24,cpu=70.00,uptime=1241.31,disk=35.51,net=10,proc=258
Wed Jun 11 14:38:18 2025,memory=48.14,cpu=59.00,uptime=1251.31,disk=35.51,net=10,proc=258
Wed Jun 11 14:38:28 2025,memory=47.99,cpu=58.00,uptime=1261.32,disk=35.51,net=10,proc=258
Wed Jun 11 14:38:38 2025,memory=47.76,cpu=49.00,uptime=1271.32,disk=35.51,net=10,proc=258
Wed Jun 11 14:38:48 2025,memory=48.09,cpu=41.00,uptime=1281.32,disk=35.51,net=10,proc=258
Wed Jun 11 14:38:58 2025,memory=47.85,cpu=50.00,uptime=1291.33,disk=35.51,net=10,proc=257
Wed Jun 11 14:39:08 2025,memory=48.31,cpu=42.00,uptime=1301.33,disk=35.51,net=10,proc=257
Wed Jun 11 14:39:18 2025,memory=48.19,cpu=36.00,uptime=1311.34,disk=35.51,net=10,proc=257
Wed Jun 11 14:39:28 2025,memory=48.31,cpu=30.00,uptime=1321.34,disk=35.51,net=10,proc=257
Wed Jun 11 14:39:38 2025,memory=48.36,cpu=25.00,uptime=1331.35,disk=35.51,net=10,proc=257
Wed Jun 11 14:39:48 2025,memory=48.46,cpu=21.00,uptime=1341.36,disk=35.51,net=10,proc=257
Wed Jun 11 14:39:58 2025,memory=48.51,cpu=18.00,uptime=1351.37,disk=35.51,net=10,proc=258
Wed Jun 11 14:40:08 2025,memory=48.32,cpu=15.00,uptime=1361.37,disk=35.51,net=10,proc=258
Wed Jun 11 14:40:18 2025,memory=48.30,cpu=13.00,uptime=1371.38,disk=35.51,net=10,proc=258
Wed Jun 11 14:40:28 2025,memory=48.42,cpu=11.00,uptime=1381.39,disk=35.51,net=10,proc=258
Wed Jun 11 14:40:38 2025,memory=48.49,cpu=17.00,uptime=1391.39,disk=35.51,net=10,proc=258
Wed Jun 11 14:40:48 2025,memory=48.48,cpu=14.00,uptime=1401.39,disk=35.51,net=10,proc=258
Wed Jun 11 14:40:58 2025,memory=48.41,cpu=12.00,uptime=1411.40,disk=35.51,net=10,proc=258
Wed Jun 11 14:41:08 2025,memory=48.49,cpu=10.00,uptime=1421.40,disk=35.51,net=10,proc=258
Wed Jun 11 14:41:18 2025,memory=48.55,cpu=9.00,uptime=1431.41,disk=35.51,net=10,proc=258
Wed Jun 11 14:41:28 2025,memory=48.56,cpu=7.00,uptime=1441.42,disk=35.51,net=10,proc=258
Wed Jun 11 14:41:38 2025,memory=48.64,cpu=6.00,uptime=1451.42,disk=35.51,net=10,proc=258
Wed Jun 11 14:41:48 2025,memory=48.47,cpu=5.00,uptime=1461.43,disk=35.51,net=10,proc=258
Wed Jun 11 14:41:58 2025,memory=48.40,cpu=4.00,uptime=1471.44,disk=35.51,net=10,proc=258
Wed Jun 11 14:42:08 2025,memory=48.15,cpu=4.00,uptime=1481.44,disk=35.51,net=10,proc=258
Wed Jun 11 14:42:18 2025,memory=48.28,cpu=3.00,uptime=1491.44,disk=35.51,net=10,proc=257
Wed Jun 11 14:42:28 2025,memory=48.29,cpu=2.00,uptime=1501.45,disk=35.51,net=10,proc=257
Wed Jun 11 14:42:38 2025,memory=48.43,cpu=2.00,uptime=1511.46,disk=35.51,net=10,proc=258
Wed Jun 11 14:42:48 2025,memory=48.46,cpu=2.00,uptime=1521.46,disk=35.51,net=10,proc=258
Wed Jun 11 14:43:18 2025,memory=48.41,cpu=1.00,uptime=1551.48,disk=35.51,net=10,proc=258memory=48.43,cpu=1.00,uptime=1541.48,disk=35.51,net=10,proc=258
Wed Jun 11 14:43:28 2025,memory=48.54,cpu=1.00,uptime=1561.49,disk=35.51,net=10,proc=258
Wed Jun 11 14:43:38 2025,memory=48.63,cpu=1.00,uptime=1571.50,disk=35.51,net=10,proc=258
Wed Jun 11 14:43:48 2025,memory=48.25,cpu=30.00,uptime=1581.51,disk=35.51,net=10,proc=259
Wed Jun 11 14:43:58 2025,memory=47.93,cpu=25.00,uptime=1591.51,disk=35.51,net=10,proc=259
Wed Jun 11 14:44:08 2025,memory=47.98,cpu=21.00,uptime=1601.53,disk=35.51,net=10,proc=259
Wed Jun 11 14:44:18 2025,memory=47.97,cpu=42.00,uptime=1611.54,disk=35.51,net=10,proc=259
Wed Jun 11 14:44:28 2025,memory=48.49,cpu=36.00,uptime=1621.54,disk=35.51,net=10,proc=259
Wed Jun 11 14:44:38 2025,memory=48.34,cpu=30.00,uptime=1631.55,disk=35.51,net=10,proc=259
Wed Jun 11 14:44:48 2025,memory=48.16,cpu=25.00,uptime=1641.56,disk=35.51,net=10,proc=259
Wed Jun 11 14:44:58 2025,memory=48.18,cpu=21.00,uptime=1651.57,disk=35.51,net=10,proc=259
Wed Jun 11 14:45:08 2025,memory=48.16,cpu=18.00,uptime=1661.59,disk=35.51,net=10,proc=259
Wed Jun 11 14:45:18 2025,memory=48.21,cpu=23.00,uptime=1671.61,disk=35.51,net=10,proc=260
Wed Jun 11 14:45:28 2025,memory=48.14,cpu=19.00,uptime=1681.61,disk=35.51,net=10,proc=260
Wed Jun 11 14:45:38 2025,memory=48.34,cpu=16.00,uptime=1691.62,disk=35.51,net=10,proc=260
Wed Jun 11 14:45:48 2025,memory=48.23,cpu=14.00,uptime=1701.62,disk=35.51,net=10,proc=260
Wed Jun 11 14:45:58 2025,memory=48.09,cpu=11.00,uptime=1711.62,disk=35.51,net=10,proc=260
Wed Jun 11 14:46:08 2025,memory=48.07,cpu=10.00,uptime=1721.63,disk=35.51,net=10,proc=260
Wed Jun 11 14:46:18 2025,memory=48.25,cpu=8.00,uptime=1731.63,disk=35.51,net=10,proc=260
Wed Jun 11 14:46:28 2025,memory=48.39,cpu=29.00,uptime=1741.64,disk=35.51,net=10,proc=260
Wed Jun 11 14:46:38 2025,memory=48.32,cpu=24.00,uptime=1751.64,disk=35.51,net=10,proc=259
Wed Jun 11 14:46:48 2025,memory=48.60,cpu=21.00,uptime=1761.64,disk=35.51,net=10,proc=259
Wed Jun 11 14:46:58 2025,memory=48.42,cpu=17.00,uptime=1771.65,disk=35.51,net=10,proc=259
Wed Jun 11 14:47:08 2025,memory=48.24,cpu=29.00,uptime=1781.65,disk=35.51,net=10,proc=259
Wed Jun 11 14:47:18 2025,memory=48.39,cpu=25.00,uptime=1791.65,disk=35.51,net=10,proc=259
Wed Jun 11 14:47:28 2025,memory=48.38,cpu=21.00,uptime=1801.66,disk=35.51,net=10,proc=259
Wed Jun 11 14:47:38 2025,memory=48.31,cpu=18.00,uptime=1811.66,disk=35.51,net=10,proc=259
Wed Jun 11 14:47:48 2025,memory=48.77,cpu=81.00,uptime=1821.66,disk=35.51,net=10,proc=259
Wed Jun 11 14:47:58 2025,memory=48.79,cpu=69.00,uptime=1831.67,disk=35.51,net=10,proc=259
Wed Jun 11 14:48:08 2025,memory=48.51,cpu=58.00,uptime=1841.67,disk=35.51,net=10,proc=259
Wed Jun 11 14:48:18 2025,memory=48.49,cpu=49.00,uptime=1851.67,disk=35.51,net=10,proc=259
Wed Jun 11 14:48:28 2025,memory=48.42,cpu=42.00,uptime=1861.67,disk=35.51,net=10,proc=259
Wed Jun 11 14:48:38 2025,memory=48.32,cpu=35.00,uptime=1871.68,disk=35.51,net=10,proc=259
Wed Jun 11 14:48:48 2025,memory=48.34,cpu=30.00,uptime=1881.68,disk=35.51,net=10,proc=259
Wed Jun 11 14:48:58 2025,memory=48.86,cpu=25.00,uptime=1891.69,disk=35.51,net=10,proc=259
Wed Jun 11 14:49:08 2025,memory=48.63,cpu=52.00,uptime=1901.69,disk=35.51,net=10,proc=259
Wed Jun 11 14:49:18 2025,memory=49.07,cpu=44.00,uptime=1911.70,disk=35.51,net=10,proc=259
Wed Jun 11 14:49:28 2025,memory=48.66,cpu=37.00,uptime=1921.70,disk=35.51,net=10,proc=259
Wed Jun 11 14:49:58 2025,memory=48.36,cpu=22.00,uptime=1951.72,disk=35.51,net=10,proc=260memory=48.31,cpu=27.00,uptime=1941.71,disk=35.51,net=10,proc=259
Wed Jun 11 14:50:08 2025,memory=48.52,cpu=56.00,uptime=1961.72,disk=35.51,net=10,proc=260
Wed Jun 11 14:50:18 2025,memory=48.42,cpu=47.00,uptime=1971.72,disk=35.51,net=10,proc=259
Wed Jun 11 14:50:28 2025,memory=48.31,cpu=40.00,uptime=1981.72,disk=35.51,net=10,proc=259
Wed Jun 11 14:50:38 2025,memory=48.31,cpu=71.00,uptime=1991.73,disk=35.51,net=10,proc=259
Wed Jun 11 14:50:48 2025,memory=48.41,cpu=100.00,uptime=2001.73,disk=35.51,net=10,proc=259
Wed Jun 11 14:50:58 2025,memory=48.63,cpu=92.00,uptime=2011.73,disk=35.51,net=10,proc=259
Wed Jun 11 14:51:08 2025,memory=48.74,cpu=86.00,uptime=2021.74,disk=35.51,net=10,proc=259
Wed Jun 11 14:51:18 2025,memory=48.79,cpu=72.00,uptime=2031.75,disk=35.51,net=10,proc=259
Wed Jun 11 14:51:28 2025,memory=48.52,cpu=61.00,uptime=2041.75,disk=35.51,net=10,proc=259
Wed Jun 11 14:51:38 2025,memory=48.54,cpu=60.00,uptime=2051.76,disk=35.51,net=10,proc=259
Wed Jun 11 14:51:48 2025,memory=48.67,cpu=50.00,uptime=2061.76,disk=35.51,net=10,proc=259
Wed Jun 11 14:51:58 2025,memory=48.65,cpu=88.00,uptime=2071.77,disk=35.51,net=10,proc=259
Wed Jun 11 14:52:08 2025,memory=48.83,cpu=96.00,uptime=2081.77,disk=35.51,net=10,proc=259
Wed Jun 11 14:52:18 2025,memory=48.65,cpu=96.00,uptime=2091.78,disk=35.51,net=10,proc=259
Wed Jun 11 14:52:28 2025,memory=48.69,cpu=148.00,uptime=2101.79,disk=35.51,net=10,proc=260
Wed Jun 11 14:52:43 2025,memory=48.89,cpu=135.00,uptime=2116.64,disk=35.51,net=10,proc=260
Wed Jun 11 14:52:53 2025,memory=49.05,cpu=114.00,uptime=2126.65,disk=35.51,net=10,proc=260
Wed Jun 11 14:53:27 2025,memory=48.96,cpu=69.00,uptime=2158.68,disk=35.51,net=10,proc=260memory=49.07,cpu=82.00,uptime=2146.66,disk=35.51,net=10,proc=260
Wed Jun 11 14:53:39 2025,memory=49.10,cpu=54.00,uptime=2170.69,disk=35.51,net=10,proc=260
Wed Jun 11 14:53:51 2025,memory=48.72,cpu=45.00,uptime=2182.71,disk=35.51,net=10,proc=259
Wed Jun 11 14:54:03 2025,memory=48.96,cpu=38.00,uptime=2194.73,disk=35.51,net=10,proc=259
Wed Jun 11 14:54:15 2025,memory=48.77,cpu=30.00,uptime=2206.75,disk=35.51,net=10,proc=259
Wed Jun 11 14:54:27 2025,memory=48.75,cpu=25.00,uptime=2218.78,disk=35.51,net=10,proc=259
Wed Jun 11 14:54:39 2025,memory=48.85,cpu=20.00,uptime=2230.79,disk=35.51,net=10,proc=260
Wed Jun 11 14:54:51 2025,memory=48.71,cpu=16.00,uptime=2242.80,disk=35.51,net=10,proc=260
Wed Jun 11 14:55:03 2025,memory=48.77,cpu=14.00,uptime=2254.81,disk=35.51,net=10,proc=260
Wed Jun 11 14:55:15 2025,memory=48.95,cpu=34.00,uptime=2266.83,disk=35.51,net=10,proc=259
Wed Jun 11 14:55:25 2025,memory=49.24,cpu=43.00,uptime=2278.86,disk=35.51,net=10,proc=259
Wed Jun 11 14:55:35 2025,memory=49.14,cpu=36.00,uptime=2288.86,disk=35.51,net=10,proc=260
Wed Jun 11 14:55:45 2025,memory=49.25,cpu=31.00,uptime=2298.87,disk=35.51,net=10,proc=260
Wed Jun 11 14:55:55 2025,memory=49.34,cpu=26.00,uptime=2308.87,disk=35.51,net=10,proc=260
Wed Jun 11 14:56:05 2025,memory=49.41,cpu=22.00,uptime=2318.87,disk=35.51,net=10,proc=260
Wed Jun 11 14:56:35 2025,memory=49.14,cpu=13.00,uptime=2348.89,disk=35.51,net=10,proc=260memory=49.21,cpu=16.00,uptime=2338.88,disk=35.51,net=10,proc=260
Wed Jun 11 14:57:05 2025,memory=49.08,cpu=8.00,uptime=2378.91,disk=35.51,net=10,proc=261memory=49.16,cpu=9.00,uptime=2368.90,disk=35.51,net=10,proc=261
Wed Jun 11 14:57:15 2025,memory=49.47,cpu=7.00,uptime=2388.91,disk=35.51,net=10,proc=261
Wed Jun 11 14:57:27 2025,memory=49.02,cpu=6.00,uptime=2398.91,disk=35.51,net=10,proc=261
Wed Jun 11 14:57:39 2025,memory=48.70,cpu=4.00,uptime=2410.93,disk=35.51,net=10,proc=259
Wed Jun 11 14:57:51 2025,memory=48.68,cpu=4.00,uptime=2422.94,disk=35.51,net=10,proc=260
Wed Jun 11 14:58:03 2025,memory=48.74,cpu=3.00,uptime=2434.95,disk=35.51,net=10,proc=260
Wed Jun 11 14:58:15 2025,memory=48.95,cpu=2.00,uptime=2446.97,disk=35.51,net=10,proc=261
Wed Jun 11 15:54:26 2025,memory=50.03,cpu=171.00,uptime=5815.15,disk=35.51,net=10,proc=260memory=48.73,cpu=2.00,uptime=2468.99,disk=35.51,net=10,proc=260
Wed Jun 11 15:54:40 2025,memory=49.56,cpu=133.00,uptime=5829.17,disk=35.51,net=10,proc=260
Wed Jun 11 15:54:40 2025,memory=48.87,cpu=1.00,uptime=2479.00,disk=35.51,net=10,proc=260
Wed Jun 11 15:55:02 2025,memory=49.79,cpu=88.00,uptime=5853.18,disk=35.51,net=10,proc=260
Wed Jun 11 15:55:02 2025,memory=48.72,cpu=1.00,uptime=2489.02,disk=35.51,net=10,proc=260
Wed Jun 11 15:55:14 2025,memory=49.87,cpu=74.00,uptime=5865.19,disk=35.51,net=10,proc=260
Wed Jun 11 15:55:14 2025,memory=48.72,cpu=1.00,uptime=2499.02,disk=35.51,net=10,proc=260
Wed Jun 11 15:55:26 2025,memory=49.78,cpu=58.00,uptime=5877.23,disk=35.51,net=10,proc=259
Wed Jun 11 15:55:26 2025,memory=49.58,cpu=1.00,uptime=2509.03,disk=35.51,net=10,proc=260
Wed Jun 11 15:55:38 2025,memory=49.77,cpu=49.00,uptime=5889.26,disk=35.51,net=10,proc=259
Wed Jun 11 15:55:38 2025,memory=49.36,cpu=0.00,uptime=2519.03,disk=35.51,net=10,proc=260
Wed Jun 11 15:56:00 2025,memory=49.79,cpu=55.00,uptime=5911.29,disk=35.51,net=10,proc=259memory=49.28,cpu=0.00,uptime=2529.04,disk=35.51,net=10,proc=259
Wed Jun 11 15:56:12 2025,memory=49.56,cpu=43.00,uptime=5923.32,disk=35.51,net=10,proc=259
Wed Jun 11 15:56:12 2025,memory=49.44,cpu=0.00,uptime=2539.05,disk=35.51,net=10,proc=259
Wed Jun 11 15:56:24 2025,memory=49.51,cpu=36.00,uptime=5935.32,disk=35.51,net=10,proc=260
Wed Jun 11 15:56:24 2025,memory=49.45,cpu=8.00,uptime=2549.10,disk=35.51,net=10,proc=259
Wed Jun 11 15:56:38 2025,memory=49.54,cpu=110.00,uptime=5947.35,disk=35.51,net=10,proc=260
Wed Jun 11 15:56:38 2025,memory=49.45,cpu=6.00,uptime=2559.11,disk=35.51,net=10,proc=260
Wed Jun 11 15:56:50 2025,memory=49.53,cpu=93.00,uptime=5961.42,disk=35.51,net=10,proc=260
Wed Jun 11 15:56:50 2025,memory=49.29,cpu=118.00,uptime=2569.12,disk=35.51,net=10,proc=260
Wed Jun 11 15:57:02 2025,memory=49.58,cpu=99.00,uptime=5973.44,disk=35.51,net=10,proc=260
Wed Jun 11 15:57:02 2025,memory=48.81,cpu=100.00,uptime=2579.13,disk=35.51,net=10,proc=260
Wed Jun 11 15:57:14 2025,memory=49.58,cpu=84.00,uptime=5985.45,disk=35.51,net=10,proc=260
Wed Jun 11 15:57:14 2025,memory=48.75,cpu=84.00,uptime=2589.13,disk=35.51,net=10,proc=259
Wed Jun 11 15:57:26 2025,memory=49.56,cpu=65.00,uptime=5997.47,disk=35.51,net=10,proc=260
Wed Jun 11 15:57:26 2025,memory=48.82,cpu=71.00,uptime=2599.15,disk=35.51,net=10,proc=259
Wed Jun 11 15:58:38 2025,memory=50.09,cpu=28.00,uptime=6069.52,disk=35.51,net=10,proc=260memory=48.90,cpu=60.00,uptime=2609.17,disk=35.51,net=10,proc=259
Wed Jun 11 15:58:50 2025,memory=49.87,cpu=21.00,uptime=6081.53,disk=35.51,net=10,proc=261
Wed Jun 11 15:58:50 2025,memory=48.87,cpu=51.00,uptime=2619.18,disk=35.51,net=10,proc=259
Wed Jun 11 15:59:02 2025,memory=49.77,cpu=33.00,uptime=6093.55,disk=35.51,net=10,proc=261
Wed Jun 11 15:59:02 2025,memory=48.91,cpu=43.00,uptime=2629.20,disk=35.51,net=10,proc=259
Wed Jun 11 15:59:16 2025,memory=50.32,cpu=107.00,uptime=6105.62,disk=35.51,net=10,proc=260
Wed Jun 11 15:59:16 2025,memory=48.97,cpu=45.00,uptime=2639.21,disk=35.51,net=10,proc=259
Wed Jun 11 15:59:28 2025,memory=49.91,cpu=83.00,uptime=6119.72,disk=35.51,net=10,proc=260
Wed Jun 11 15:59:28 2025,memory=48.98,cpu=38.00,uptime=2649.21,disk=35.51,net=10,proc=259
Wed Jun 11 15:59:42 2025,memory=49.83,cpu=116.00,uptime=6131.74,disk=35.51,net=10,proc=260
Wed Jun 11 15:59:42 2025,memory=48.98,cpu=32.00,uptime=2659.24,disk=35.51,net=10,proc=258
Wed Jun 11 16:00:06 2025,memory=49.87,cpu=97.00,uptime=6157.77,disk=35.51,net=10,proc=260memory=48.85,cpu=27.00,uptime=2669.26,disk=35.51,net=10,proc=258
Wed Jun 11 16:00:18 2025,memory=49.79,cpu=82.00,uptime=6169.79,disk=35.51,net=10,proc=260
Wed Jun 11 16:00:18 2025,memory=48.84,cpu=23.00,uptime=2679.27,disk=35.51,net=10,proc=258
Wed Jun 11 16:00:28 2025,memory=49.47,cpu=64.00,uptime=6181.80,disk=35.51,net=10,proc=260
Wed Jun 11 16:00:28 2025,memory=48.88,cpu=35.00,uptime=2689.28,disk=35.51,net=10,proc=259
Wed Jun 11 16:00:40 2025,memory=49.52,cpu=54.00,uptime=6191.80,disk=35.51,net=10,proc=260
Wed Jun 11 16:00:40 2025,memory=48.88,cpu=59.00,uptime=2699.38,disk=35.51,net=10,proc=260
Wed Jun 11 16:00:52 2025,memory=50.06,cpu=45.00,uptime=6203.82,disk=35.51,net=10,proc=260
Wed Jun 11 16:00:52 2025,memory=48.89,cpu=82.00,uptime=2709.39,disk=35.51,net=10,proc=260
Wed Jun 11 16:01:04 2025,memory=49.90,cpu=38.00,uptime=6215.84,disk=35.51,net=10,proc=260
Wed Jun 11 16:01:04 2025,memory=49.58,cpu=77.00,uptime=2719.41,disk=35.51,net=10,proc=261
Wed Jun 11 16:01:16 2025,memory=49.94,cpu=30.00,uptime=6227.86,disk=35.51,net=10,proc=260
Wed Jun 11 16:01:16 2025,memory=49.92,cpu=80.00,uptime=2729.41,disk=35.51,net=10,proc=261
Wed Jun 11 16:01:28 2025,memory=49.89,cpu=25.00,uptime=6239.87,disk=35.51,net=10,proc=259
Wed Jun 11 16:01:28 2025,memory=49.57,cpu=75.00,uptime=2739.41,disk=35.51,net=10,proc=261
Wed Jun 11 16:01:40 2025,memory=49.94,cpu=20.00,uptime=6251.90,disk=35.51,net=10,proc=259
Wed Jun 11 16:01:40 2025,memory=49.31,cpu=86.00,uptime=2749.42,disk=35.51,net=10,proc=261
Wed Jun 11 16:01:52 2025,memory=49.93,cpu=16.00,uptime=6263.91,disk=35.51,net=10,proc=259
Wed Jun 11 16:01:52 2025,memory=49.55,cpu=111.00,uptime=2759.42,disk=35.51,net=10,proc=260
Wed Jun 11 16:02:04 2025,memory=50.00,cpu=14.00,uptime=6275.93,disk=35.51,net=10,proc=259
Wed Jun 11 16:02:04 2025,memory=49.26,cpu=94.00,uptime=2769.43,disk=35.51,net=10,proc=260
Wed Jun 11 16:02:16 2025,memory=50.03,cpu=11.00,uptime=6287.96,disk=35.51,net=10,proc=259
Wed Jun 11 16:02:16 2025,memory=49.64,cpu=5.00,uptime=5620.42,disk=35.51,net=10,proc=261
Wed Jun 11 16:02:28 2025,memory=50.06,cpu=17.00,uptime=6299.98,disk=35.51,net=10,proc=259
Wed Jun 11 16:02:28 2025,memory=50.13,cpu=36.00,uptime=5630.43,disk=35.51,net=10,proc=258
Wed Jun 11 16:02:40 2025,memory=50.03,cpu=54.00,uptime=6312.00,disk=35.51,net=10,proc=259
Wed Jun 11 16:02:40 2025,memory=49.54,cpu=77.00,uptime=5640.44,disk=35.51,net=10,proc=258
Wed Jun 11 16:02:52 2025,memory=50.08,cpu=46.00,uptime=6324.03,disk=35.51,net=10,proc=259
Wed Jun 11 16:02:52 2025,memory=49.60,cpu=65.00,uptime=5650.45,disk=35.51,net=10,proc=258
Wed Jun 11 16:03:05 2025,memory=50.07,cpu=98.00,uptime=6336.06,disk=35.51,net=10,proc=259
Wed Jun 11 16:03:05 2025,memory=49.36,cpu=70.00,uptime=5660.45,disk=35.51,net=10,proc=258
Wed Jun 11 16:03:17 2025,memory=50.11,cpu=76.00,uptime=6348.11,disk=35.51,net=10,proc=259
Wed Jun 11 16:03:17 2025,memory=49.59,cpu=111.00,uptime=5670.46,disk=35.51,net=10,proc=258
Wed Jun 11 16:03:29 2025,memory=50.16,cpu=64.00,uptime=6360.13,disk=35.51,net=10,proc=259
Wed Jun 11 16:03:29 2025,memory=49.94,cpu=108.00,uptime=5680.47,disk=35.51,net=10,proc=258
Wed Jun 11 16:03:41 2025,memory=50.13,cpu=57.00,uptime=6372.17,disk=35.51,net=10,proc=258
Wed Jun 11 16:03:41 2025,memory=50.01,cpu=132.00,uptime=5690.47,disk=35.51,net=10,proc=258
Wed Jun 11 16:03:53 2025,memory=50.15,cpu=48.00,uptime=6384.19,disk=35.51,net=10,proc=258
Wed Jun 11 16:03:53 2025,memory=49.99,cpu=134.00,uptime=5700.48,disk=35.51,net=10,proc=258
Wed Jun 11 16:04:05 2025,memory=50.30,cpu=48.00,uptime=6396.22,disk=35.51,net=10,proc=258
Wed Jun 11 16:04:05 2025,memory=50.03,cpu=128.00,uptime=5710.49,disk=35.51,net=10,proc=258
Wed Jun 11 16:04:17 2025,memory=50.44,cpu=38.00,uptime=6408.24,disk=35.51,net=10,proc=258
Wed Jun 11 16:04:17 2025,memory=49.90,cpu=132.00,uptime=5720.49,disk=35.51,net=10,proc=258
Wed Jun 11 16:04:29 2025,memory=50.45,cpu=32.00,uptime=6420.27,disk=35.51,net=10,proc=258
Wed Jun 11 16:04:29 2025,memory=50.23,cpu=142.00,uptime=5730.50,disk=35.51,net=10,proc=259
Wed Jun 11 16:04:41 2025,memory=50.33,cpu=80.00,uptime=6432.30,disk=35.51,net=10,proc=258
Wed Jun 11 16:04:41 2025,memory=50.09,cpu=120.00,uptime=5740.52,disk=35.51,net=10,proc=258
Wed Jun 11 16:04:53 2025,memory=50.31,cpu=67.00,uptime=6444.34,disk=35.51,net=10,proc=258
Wed Jun 11 16:04:53 2025,memory=49.86,cpu=134.00,uptime=5750.52,disk=35.51,net=10,proc=258
Wed Jun 11 16:05:05 2025,memory=50.22,cpu=79.00,uptime=6456.38,disk=35.51,net=10,proc=258
Wed Jun 11 16:05:05 2025,memory=50.33,cpu=137.00,uptime=5760.53,disk=35.51,net=10,proc=258
Wed Jun 11 16:05:17 2025,memory=50.27,cpu=82.00,uptime=6468.42,disk=35.51,net=10,proc=258
Wed Jun 11 16:05:17 2025,memory=50.51,cpu=152.00,uptime=5775.12,disk=35.51,net=10,proc=259
Wed Jun 11 16:05:27 2025,memory=50.58,cpu=69.00,uptime=6480.44,disk=35.51,net=10,proc=258
Wed Jun 11 16:05:27 2025,memory=49.99,cpu=161.00,uptime=5785.13,disk=35.51,net=10,proc=259
Wed Jun 11 16:05:37 2025,memory=50.37,cpu=59.00,uptime=6490.44,disk=35.51,net=10,proc=258
Wed Jun 11 16:05:37 2025,memory=49.79,cpu=166.00,uptime=5795.13,disk=35.51,net=10,proc=259
Wed Jun 11 16:05:47 2025,memory=50.16,cpu=49.00,uptime=6500.44,disk=35.51,net=10,proc=258
Wed Jun 11 16:05:47 2025,memory=50.43,cpu=194.00,uptime=5805.14,disk=35.51,net=10,proc=259
Wed Jun 11 16:05:57 2025,memory=50.14,cpu=42.00,uptime=6510.44,disk=35.51,net=10,proc=258
Wed Jun 11 16:05:57 2025,memory=49.63,cpu=47.00,uptime=6019.50,disk=35.51,net=10,proc=259
Wed Jun 11 16:06:07 2025,memory=50.15,cpu=35.00,uptime=6520.45,disk=35.51,net=10,proc=258
Wed Jun 11 16:06:07 2025,memory=49.63,cpu=54.00,uptime=6029.50,disk=35.51,net=10,proc=259
Wed Jun 11 16:06:17 2025,memory=50.15,cpu=30.00,uptime=6530.45,disk=35.51,net=10,proc=258
Wed Jun 11 16:06:17 2025,memory=49.66,cpu=46.00,uptime=6039.51,disk=35.51,net=10,proc=258
Wed Jun 11 16:06:27 2025,memory=50.14,cpu=25.00,uptime=6540.46,disk=35.51,net=10,proc=258
Wed Jun 11 16:06:27 2025,memory=49.65,cpu=39.00,uptime=6049.51,disk=35.51,net=10,proc=258
Wed Jun 11 16:06:37 2025,memory=50.13,cpu=21.00,uptime=6550.46,disk=35.51,net=10,proc=259
Wed Jun 11 16:06:37 2025,memory=49.66,cpu=33.00,uptime=6059.52,disk=35.51,net=10,proc=259
Wed Jun 11 16:06:47 2025,memory=50.15,cpu=25.00,uptime=6560.47,disk=35.51,net=10,proc=259
Wed Jun 11 16:06:57 2025,memory=49.95,cpu=29.00,uptime=6570.48,disk=35.51,net=10,proc=259
Wed Jun 11 16:07:07 2025,memory=50.01,cpu=32.00,uptime=6580.48,disk=35.51,net=10,proc=259
Wed Jun 11 16:07:17 2025,memory=50.00,cpu=27.00,uptime=6590.49,disk=35.51,net=10,proc=259
Wed Jun 11 16:07:27 2025,memory=50.04,cpu=23.00,uptime=6600.50,disk=35.51,net=10,proc=259
Wed Jun 11 16:07:37 2025,memory=49.86,cpu=27.00,uptime=6610.52,disk=35.51,net=10,proc=259
Wed Jun 11 16:07:47 2025,memory=49.90,cpu=37.00,uptime=6620.53,disk=35.51,net=10,proc=259
Wed Jun 11 16:07:57 2025,memory=49.87,cpu=39.00,uptime=6630.53,disk=35.51,net=10,proc=259
Wed Jun 11 16:08:07 2025,memory=49.89,cpu=40.00,uptime=6640.54,disk=35.51,net=10,proc=259
Wed Jun 11 16:08:17 2025,memory=49.92,cpu=41.00,uptime=6650.54,disk=35.51,net=10,proc=259
Wed Jun 11 16:08:27 2025,memory=49.95,cpu=35.00,uptime=6660.57,disk=35.51,net=10,proc=258
Wed Jun 11 16:08:37 2025,memory=49.93,cpu=30.00,uptime=6670.57,disk=35.51,net=10,proc=258
Wed Jun 11 16:08:47 2025,memory=49.94,cpu=47.00,uptime=6680.58,disk=35.51,net=10,proc=258
Wed Jun 11 16:08:57 2025,memory=49.94,cpu=40.00,uptime=6690.58,disk=35.51,net=10,proc=258
Wed Jun 11 16:09:07 2025,memory=50.03,cpu=34.00,uptime=6700.59,disk=35.51,net=10,proc=258
Wed Jun 11 16:09:17 2025,memory=50.14,cpu=28.00,uptime=6710.59,disk=35.51,net=10,proc=258
Wed Jun 11 16:09:27 2025,memory=50.12,cpu=24.00,uptime=6720.60,disk=35.51,net=10,proc=258
Wed Jun 11 16:09:37 2025,memory=50.13,cpu=20.00,uptime=6730.61,disk=35.51,net=10,proc=258
Wed Jun 11 16:09:47 2025,memory=50.15,cpu=17.00,uptime=6740.61,disk=35.51,net=10,proc=258
Wed Jun 11 16:09:57 2025,memory=50.13,cpu=14.00,uptime=6750.61,disk=35.51,net=10,proc=259
Wed Jun 11 16:10:07 2025,memory=50.05,cpu=12.00,uptime=6760.62,disk=35.51,net=10,proc=259
Wed Jun 11 16:10:17 2025,memory=50.13,cpu=10.00,uptime=6770.63,disk=35.51,net=10,proc=259
Wed Jun 11 16:10:27 2025,memory=50.14,cpu=9.00,uptime=6780.63,disk=35.51,net=10,proc=259
Wed Jun 11 16:10:37 2025,memory=50.02,cpu=15.00,uptime=6790.65,disk=35.51,net=10,proc=259
Wed Jun 11 16:10:47 2025,memory=50.02,cpu=12.00,uptime=6800.65,disk=35.51,net=10,proc=261
Wed Jun 11 16:10:57 2025,memory=50.01,cpu=10.00,uptime=6810.66,disk=35.51,net=10,proc=261
Wed Jun 11 16:11:07 2025,memory=49.98,cpu=9.00,uptime=6820.67,disk=35.51,net=10,proc=261
Wed Jun 11 16:11:17 2025,memory=49.97,cpu=7.00,uptime=6830.67,disk=35.51,net=10,proc=261
Wed Jun 11 16:11:27 2025,memory=50.00,cpu=6.00,uptime=6840.68,disk=35.51,net=10,proc=261
Wed Jun 11 16:11:37 2025,memory=50.05,cpu=5.00,uptime=6850.68,disk=35.51,net=10,proc=261
Wed Jun 11 16:11:47 2025,memory=49.72,cpu=4.00,uptime=6860.69,disk=35.51,net=10,proc=260
Wed Jun 11 16:11:57 2025,memory=49.79,cpu=4.00,uptime=6870.70,disk=35.51,net=10,proc=260
Wed Jun 11 16:12:07 2025,memory=49.80,cpu=3.00,uptime=6880.80,disk=35.51,net=10,proc=260
Wed Jun 11 16:12:17 2025,memory=49.83,cpu=2.00,uptime=6890.81,disk=35.51,net=10,proc=260
Wed Jun 11 16:12:27 2025,memory=49.86,cpu=10.00,uptime=6900.82,disk=35.51,net=10,proc=260
Wed Jun 11 16:12:37 2025,memory=49.86,cpu=8.00,uptime=6910.82,disk=35.51,net=10,proc=260
Wed Jun 11 16:12:47 2025,memory=49.88,cpu=7.00,uptime=6920.83,disk=35.51,net=10,proc=260
Wed Jun 11 16:12:57 2025,memory=49.91,cpu=6.00,uptime=6930.83,disk=35.51,net=10,proc=260
Wed Jun 11 16:13:07 2025,memory=49.63,cpu=5.00,uptime=6940.84,disk=35.51,net=10,proc=259
Wed Jun 11 16:13:17 2025,memory=49.65,cpu=4.00,uptime=6950.85,disk=35.51,net=10,proc=259
Wed Jun 11 16:13:27 2025,memory=49.62,cpu=4.00,uptime=6960.86,disk=35.51,net=10,proc=259
Wed Jun 11 16:13:37 2025,memory=49.65,cpu=3.00,uptime=6970.86,disk=35.51,net=10,proc=259
Wed Jun 11 16:13:47 2025,memory=49.67,cpu=25.00,uptime=6980.87,disk=35.51,net=10,proc=259
Wed Jun 11 16:13:57 2025,memory=49.66,cpu=44.00,uptime=6990.87,disk=35.51,net=10,proc=259
Wed Jun 11 16:14:07 2025,memory=49.69,cpu=37.00,uptime=7000.88,disk=35.51,net=10,proc=259
Wed Jun 11 16:14:17 2025,memory=49.44,cpu=31.00,uptime=7010.88,disk=35.51,net=10,proc=259
Wed Jun 11 16:14:27 2025,memory=49.44,cpu=26.00,uptime=7020.89,disk=35.51,net=10,proc=259
Wed Jun 11 16:14:37 2025,memory=49.45,cpu=22.00,uptime=7030.90,disk=35.51,net=10,proc=259
Wed Jun 11 16:14:47 2025,memory=49.43,cpu=19.00,uptime=7040.90,disk=35.51,net=10,proc=259
Wed Jun 11 16:14:57 2025,memory=49.45,cpu=16.00,uptime=7050.91,disk=35.51,net=10,proc=258
Wed Jun 11 16:15:07 2025,memory=49.53,cpu=13.00,uptime=7060.91,disk=35.51,net=10,proc=258
Wed Jun 11 16:15:17 2025,memory=49.46,cpu=11.00,uptime=7070.93,disk=35.51,net=10,proc=258
Wed Jun 11 16:15:27 2025,memory=49.46,cpu=10.00,uptime=7080.94,disk=35.51,net=10,proc=259
Wed Jun 11 16:15:37 2025,memory=49.45,cpu=8.00,uptime=7090.96,disk=35.51,net=10,proc=259
Wed Jun 11 16:15:47 2025,memory=49.40,cpu=7.00,uptime=7100.96,disk=35.51,net=10,proc=259
Wed Jun 11 16:15:57 2025,memory=49.43,cpu=6.00,uptime=7110.98,disk=35.51,net=10,proc=259
Wed Jun 11 16:16:07 2025,memory=49.43,cpu=5.00,uptime=7120.99,disk=35.51,net=10,proc=257
Wed Jun 11 16:16:17 2025,memory=49.45,cpu=4.00,uptime=7131.00,disk=35.51,net=10,proc=257
Wed Jun 11 16:16:27 2025,memory=49.47,cpu=3.00,uptime=7141.02,disk=35.51,net=10,proc=257
Wed Jun 11 16:16:37 2025,memory=49.45,cpu=3.00,uptime=7151.05,disk=35.51,net=10,proc=257
Wed Jun 11 16:16:47 2025,memory=49.45,cpu=2.00,uptime=7161.06,disk=35.51,net=10,proc=257
Wed Jun 11 16:16:57 2025,memory=49.46,cpu=18.00,uptime=7171.08,disk=35.51,net=10,proc=257
Wed Jun 11 16:17:07 2025,memory=49.47,cpu=15.00,uptime=7181.09,disk=35.51,net=10,proc=257
Wed Jun 11 16:17:17 2025,memory=49.47,cpu=28.00,uptime=7191.10,disk=35.51,net=10,proc=257
Wed Jun 11 16:17:28 2025,memory=49.46,cpu=23.00,uptime=7201.11,disk=35.51,net=10,proc=257
Wed Jun 11 16:17:38 2025,memory=49.49,cpu=20.00,uptime=7211.12,disk=35.51,net=10,proc=259
Wed Jun 11 16:17:48 2025,memory=51.51,cpu=17.00,uptime=7221.12,disk=35.51,net=10,proc=261
Wed Jun 11 16:17:58 2025,memory=51.17,cpu=14.00,uptime=7231.13,disk=35.51,net=10,proc=259
Wed Jun 11 16:18:08 2025,memory=51.01,cpu=12.00,uptime=7241.13,disk=35.51,net=10,proc=259
Wed Jun 11 16:18:18 2025,memory=50.67,cpu=10.00,uptime=7251.14,disk=35.51,net=10,proc=259
Wed Jun 11 16:23:19 2025,memory=50.47,cpu=21.00,uptime=7552.67,disk=35.51,net=10,proc=258memory=50.45,cpu=25.00,uptime=7542.66,disk=35.51,net=10,proc=258
Wed Jun 11 16:23:31 2025,memory=50.51,cpu=55.00,uptime=7562.67,disk=35.51,net=10,proc=258
Wed Jun 11 16:23:43 2025,memory=50.21,cpu=46.00,uptime=7574.69,disk=35.51,net=10,proc=258
Wed Jun 11 16:25:17 2025,memory=50.61,cpu=131.00,uptime=7666.81,disk=35.51,net=10,proc=258memory=50.33,cpu=145.00,uptime=7596.72,disk=35.51,net=10,proc=257
Wed Jun 11 16:25:29 2025,memory=50.56,cpu=126.00,uptime=7680.82,disk=35.51,net=10,proc=257
Wed Jun 11 16:25:29 2025,memory=50.13,cpu=145.00,uptime=7606.73,disk=35.51,net=10,proc=257
Wed Jun 11 16:25:39 2025,memory=50.06,cpu=98.00,uptime=7692.83,disk=35.51,net=10,proc=257
Wed Jun 11 16:25:39 2025,memory=50.18,cpu=152.00,uptime=7616.73,disk=35.51,net=10,proc=257
Wed Jun 11 16:25:49 2025,memory=50.14,cpu=83.00,uptime=7702.84,disk=35.51,net=10,proc=257
Wed Jun 11 16:25:49 2025,memory=50.07,cpu=159.00,uptime=7626.75,disk=35.51,net=10,proc=257
Wed Jun 11 16:25:59 2025,memory=50.24,cpu=70.00,uptime=7712.84,disk=35.51,net=10,proc=256
Wed Jun 11 16:25:59 2025,memory=50.21,cpu=180.00,uptime=7636.76,disk=35.51,net=10,proc=257
Wed Jun 11 16:26:09 2025,memory=50.31,cpu=59.00,uptime=7722.84,disk=35.51,net=10,proc=256
Wed Jun 11 16:26:09 2025,memory=50.39,cpu=152.00,uptime=7646.76,disk=35.51,net=10,proc=257
Wed Jun 11 16:26:19 2025,memory=50.26,cpu=50.00,uptime=7732.84,disk=35.51,net=10,proc=256
Wed Jun 11 16:26:19 2025,memory=50.29,cpu=155.00,uptime=7656.80,disk=35.51,net=10,proc=257
Wed Jun 11 16:26:29 2025,memory=50.42,cpu=42.00,uptime=7742.84,disk=35.51,net=10,proc=256
Wed Jun 11 16:26:39 2025,memory=50.44,cpu=36.00,uptime=7752.84,disk=35.51,net=10,proc=256
Wed Jun 11 16:26:49 2025,memory=51.25,cpu=52.00,uptime=7762.85,disk=35.51,net=10,proc=257
Wed Jun 11 16:26:59 2025,memory=51.27,cpu=67.00,uptime=7772.85,disk=35.51,net=10,proc=257
Wed Jun 11 16:27:09 2025,memory=51.01,cpu=71.00,uptime=7782.85,disk=35.51,net=10,proc=257
Wed Jun 11 16:27:19 2025,memory=51.02,cpu=60.00,uptime=7792.86,disk=35.51,net=10,proc=257
Wed Jun 11 16:27:29 2025,memory=50.79,cpu=58.00,uptime=7802.86,disk=35.51,net=10,proc=258
Wed Jun 11 16:28:01 2025,memory=50.93,cpu=69.00,uptime=7832.87,disk=35.51,net=10,proc=258memory=51.14,cpu=82.00,uptime=7822.87,disk=35.51,net=10,proc=258
Wed Jun 11 16:28:11 2025,memory=51.18,cpu=91.00,uptime=7844.90,disk=35.51,net=10,proc=259
Wed Jun 11 16:28:21 2025,memory=50.61,cpu=84.00,uptime=7854.90,disk=35.51,net=10,proc=259
Wed Jun 11 16:28:31 2025,memory=50.76,cpu=71.00,uptime=7864.90,disk=35.51,net=10,proc=259
Wed Jun 11 16:28:41 2025,memory=50.80,cpu=60.00,uptime=7874.91,disk=35.51,net=10,proc=259
Wed Jun 11 16:28:51 2025,memory=50.79,cpu=51.00,uptime=7884.92,disk=35.51,net=10,proc=259
Wed Jun 11 16:29:01 2025,memory=50.89,cpu=43.00,uptime=7894.92,disk=35.51,net=10,proc=259
Wed Jun 11 16:29:11 2025,memory=50.97,cpu=36.00,uptime=7904.92,disk=35.51,net=10,proc=259
Wed Jun 11 16:29:21 2025,memory=50.98,cpu=31.00,uptime=7914.93,disk=35.51,net=10,proc=259
Wed Jun 11 16:29:31 2025,memory=50.98,cpu=26.00,uptime=7924.93,disk=35.51,net=10,proc=259
Wed Jun 11 16:29:41 2025,memory=50.95,cpu=22.00,uptime=7934.93,disk=35.51,net=10,proc=259
Wed Jun 11 16:29:51 2025,memory=51.01,cpu=18.00,uptime=7944.94,disk=35.51,net=10,proc=259
Wed Jun 11 16:30:01 2025,memory=51.05,cpu=16.00,uptime=7954.94,disk=35.51,net=10,proc=260
Wed Jun 11 16:30:11 2025,memory=50.88,cpu=13.00,uptime=7964.94,disk=35.51,net=10,proc=260
Wed Jun 11 16:30:21 2025,memory=50.90,cpu=11.00,uptime=7975.00,disk=35.51,net=10,proc=260
Wed Jun 11 16:30:31 2025,memory=51.21,cpu=17.00,uptime=7985.00,disk=35.51,net=10,proc=260
Wed Jun 11 16:30:41 2025,memory=51.28,cpu=68.00,uptime=7995.01,disk=35.51,net=10,proc=260
Wed Jun 11 16:30:51 2025,memory=51.43,cpu=72.00,uptime=8005.01,disk=35.51,net=10,proc=260
Wed Jun 11 16:31:23 2025,memory=50.20,cpu=79.00,uptime=8037.03,disk=35.51,net=10,proc=260memory=50.59,cpu=76.00,uptime=8025.01,disk=35.51,net=10,proc=260
Wed Jun 11 16:31:33 2025,memory=50.29,cpu=83.00,uptime=8047.03,disk=35.51,net=10,proc=261
Wed Jun 11 16:31:43 2025,memory=50.40,cpu=70.00,uptime=8057.05,disk=35.51,net=10,proc=261
Wed Jun 11 16:31:53 2025,memory=50.28,cpu=59.00,uptime=8067.05,disk=35.51,net=10,proc=260
Wed Jun 11 16:32:03 2025,memory=50.38,cpu=50.00,uptime=8077.06,disk=35.51,net=10,proc=260
Wed Jun 11 16:32:13 2025,memory=50.44,cpu=42.00,uptime=8087.07,disk=35.51,net=10,proc=260
Wed Jun 11 16:32:23 2025,memory=50.39,cpu=36.00,uptime=8097.07,disk=35.51,net=10,proc=260
Wed Jun 11 16:32:33 2025,memory=50.52,cpu=30.00,uptime=8107.08,disk=35.51,net=10,proc=260
Wed Jun 11 16:32:43 2025,memory=50.53,cpu=26.00,uptime=8117.08,disk=35.51,net=10,proc=260
Wed Jun 11 16:32:53 2025,memory=50.43,cpu=22.00,uptime=8127.08,disk=35.51,net=10,proc=260
Wed Jun 11 16:33:23 2025,memory=50.81,cpu=24.00,uptime=8157.09,disk=35.51,net=10,proc=260memory=50.52,cpu=28.00,uptime=8147.09,disk=35.51,net=10,proc=260
Wed Jun 11 16:33:36 2025,memory=50.39,cpu=20.00,uptime=8167.09,disk=35.51,net=10,proc=259
Wed Jun 11 16:33:46 2025,memory=50.47,cpu=41.00,uptime=8179.12,disk=35.51,net=10,proc=259
Wed Jun 11 16:33:56 2025,memory=50.33,cpu=35.00,uptime=8189.12,disk=35.51,net=10,proc=259
Wed Jun 11 16:34:06 2025,memory=50.23,cpu=29.00,uptime=8199.12,disk=35.51,net=10,proc=259
Wed Jun 11 16:34:18 2025,memory=50.76,cpu=41.00,uptime=8209.12,disk=35.51,net=10,proc=259
Wed Jun 11 16:34:28 2025,memory=50.67,cpu=64.00,uptime=8221.14,disk=35.51,net=10,proc=259
Wed Jun 11 16:34:38 2025,memory=50.62,cpu=69.00,uptime=8231.14,disk=35.51,net=10,proc=259
Wed Jun 11 16:34:48 2025,memory=50.54,cpu=58.00,uptime=8241.15,disk=35.51,net=10,proc=259
Wed Jun 11 16:34:58 2025,memory=50.69,cpu=49.00,uptime=8251.15,disk=35.51,net=10,proc=258
Wed Jun 11 16:35:08 2025,memory=50.81,cpu=42.00,uptime=8261.16,disk=35.51,net=10,proc=258
Wed Jun 11 16:35:18 2025,memory=50.85,cpu=35.00,uptime=8271.16,disk=35.51,net=10,proc=258
Wed Jun 11 16:35:28 2025,memory=50.75,cpu=30.00,uptime=8281.16,disk=35.51,net=10,proc=258
Wed Jun 11 16:35:38 2025,memory=50.27,cpu=25.00,uptime=8291.17,disk=35.51,net=10,proc=258
Wed Jun 11 16:35:48 2025,memory=50.30,cpu=21.00,uptime=8301.17,disk=35.51,net=10,proc=258
Wed Jun 11 16:35:58 2025,memory=50.36,cpu=18.00,uptime=8311.17,disk=35.51,net=10,proc=258
Wed Jun 11 16:36:08 2025,memory=50.46,cpu=15.00,uptime=8321.18,disk=35.51,net=10,proc=258
Wed Jun 11 16:36:18 2025,memory=50.49,cpu=13.00,uptime=8331.19,disk=35.51,net=10,proc=258
Wed Jun 11 16:36:28 2025,memory=50.48,cpu=11.00,uptime=8341.19,disk=35.51,net=10,proc=258
Wed Jun 11 16:36:38 2025,memory=50.51,cpu=9.00,uptime=8351.20,disk=35.51,net=10,proc=258
Wed Jun 11 16:36:48 2025,memory=50.53,cpu=8.00,uptime=8361.20,disk=35.51,net=10,proc=258
Wed Jun 11 16:36:58 2025,memory=50.63,cpu=6.00,uptime=8371.24,disk=35.51,net=10,proc=257
Wed Jun 11 16:37:08 2025,memory=50.51,cpu=5.00,uptime=8381.24,disk=35.51,net=10,proc=258
Wed Jun 11 16:37:18 2025,memory=50.64,cpu=5.00,uptime=8391.25,disk=35.51,net=10,proc=258
Wed Jun 11 16:37:28 2025,memory=50.52,cpu=4.00,uptime=8401.25,disk=35.51,net=10,proc=258
Wed Jun 11 16:37:38 2025,memory=50.61,cpu=3.00,uptime=8411.26,disk=35.51,net=10,proc=258
Wed Jun 11 16:37:48 2025,memory=50.53,cpu=3.00,uptime=8421.26,disk=35.51,net=10,proc=258
Wed Jun 11 16:37:58 2025,memory=50.56,cpu=2.00,uptime=8431.26,disk=35.51,net=10,proc=258
Wed Jun 11 16:38:08 2025,memory=50.50,cpu=2.00,uptime=8441.27,disk=35.51,net=10,proc=259
Wed Jun 11 16:38:18 2025,memory=50.64,cpu=2.00,uptime=8451.27,disk=35.51,net=10,proc=259
Wed Jun 11 16:38:28 2025,memory=50.88,cpu=1.00,uptime=8461.27,disk=35.51,net=10,proc=259
Wed Jun 11 16:38:38 2025,memory=50.49,cpu=1.00,uptime=8471.27,disk=35.51,net=10,proc=259
Thu Jun 12 09:45:54 2025,memory=50.12,cpu=8.00,uptime=29793.86,disk=35.53,net=10,proc=260
Thu Jun 12 09:46:06 2025,memory=50.22,cpu=7.00,uptime=29805.90,disk=35.53,net=10,proc=257
Thu Jun 12 09:46:18 2025,memory=50.33,cpu=5.00,uptime=29817.91,disk=35.53,net=10,proc=257
Thu Jun 12 09:46:30 2025,memory=50.21,cpu=27.00,uptime=29829.92,disk=35.53,net=10,proc=256
Thu Jun 12 09:46:42 2025,memory=50.51,cpu=61.00,uptime=29841.93,disk=35.53,net=10,proc=256
Thu Jun 12 09:46:54 2025,memory=50.53,cpu=51.00,uptime=29853.94,disk=35.53,net=10,proc=256
Thu Jun 12 09:47:06 2025,memory=50.45,cpu=58.00,uptime=29865.95,disk=35.53,net=10,proc=256
Thu Jun 12 09:47:18 2025,memory=50.36,cpu=45.00,uptime=29877.96,disk=35.53,net=10,proc=256
Thu Jun 12 09:47:30 2025,memory=50.36,cpu=53.00,uptime=29889.97,disk=35.53,net=10,proc=256
Thu Jun 12 09:47:42 2025,memory=50.24,cpu=41.00,uptime=29901.98,disk=35.53,net=10,proc=256
Thu Jun 12 09:47:54 2025,memory=50.74,cpu=35.00,uptime=29913.99,disk=35.53,net=10,proc=256
Thu Jun 12 09:48:06 2025,memory=50.55,cpu=29.00,uptime=29925.96,disk=35.53,net=10,proc=256
Thu Jun 12 09:48:18 2025,memory=51.06,cpu=52.00,uptime=29937.98,disk=35.53,net=10,proc=257
Thu Jun 12 09:48:30 2025,memory=50.62,cpu=44.00,uptime=29949.99,disk=35.53,net=10,proc=257
Thu Jun 12 09:48:42 2025,memory=50.34,cpu=41.00,uptime=29962.04,disk=35.53,net=10,proc=257
Thu Jun 12 09:48:54 2025,memory=50.05,cpu=35.00,uptime=29974.05,disk=35.53,net=10,proc=257
Thu Jun 12 09:49:06 2025,memory=50.23,cpu=29.00,uptime=29986.06,disk=35.53,net=10,proc=257
Thu Jun 12 09:49:18 2025,memory=50.37,cpu=43.00,uptime=29998.07,disk=35.53,net=10,proc=257
Thu Jun 12 09:49:30 2025,memory=50.59,cpu=44.00,uptime=30010.08,disk=35.53,net=10,proc=257
Thu Jun 12 09:49:42 2025,memory=50.43,cpu=42.00,uptime=30022.09,disk=35.53,net=10,proc=257
Thu Jun 12 09:49:54 2025,memory=50.03,cpu=36.00,uptime=30034.09,disk=35.53,net=10,proc=257
Thu Jun 12 09:50:06 2025,memory=50.23,cpu=30.00,uptime=30046.11,disk=35.53,net=10,proc=257
Thu Jun 12 09:52:57 2025,memory=50.18,cpu=18.00,uptime=30217.64,disk=35.53,net=10,proc=257memory=50.31,cpu=25.00,uptime=30197.63,disk=35.53,net=10,proc=256
Thu Jun 12 10:03:10 2025,memory=51.76,cpu=49.00,uptime=30832.14,disk=35.53,net=10,proc=257memory=51.71,cpu=57.00,uptime=30822.14,disk=35.53,net=10,proc=256
Thu Jun 12 10:03:20 2025,memory=51.67,cpu=41.00,uptime=30842.15,disk=35.53,net=10,proc=257
Thu Jun 12 10:03:30 2025,memory=51.82,cpu=35.00,uptime=30852.15,disk=35.53,net=10,proc=257
Thu Jun 12 10:03:40 2025,memory=51.42,cpu=29.00,uptime=30862.16,disk=35.53,net=10,proc=257
Thu Jun 12 10:03:52 2025,memory=51.23,cpu=47.00,uptime=30872.16,disk=35.53,net=10,proc=258
Thu Jun 12 10:04:04 2025,memory=50.89,cpu=69.00,uptime=30884.18,disk=35.53,net=10,proc=260
Thu Jun 12 10:04:16 2025,memory=51.05,cpu=75.00,uptime=30896.19,disk=35.53,net=10,proc=260
Thu Jun 12 10:04:28 2025,memory=50.86,cpu=72.00,uptime=30908.21,disk=35.53,net=10,proc=260
Thu Jun 12 10:24:17 2025,memory=51.68,cpu=74.00,uptime=32094.96,disk=35.53,net=10,proc=257
Thu Jun 12 10:24:31 2025,memory=52.29,cpu=65.00,uptime=32108.98,disk=35.53,net=10,proc=257
Thu Jun 12 10:24:45 2025,memory=52.04,cpu=51.00,uptime=32123.00,disk=35.53,net=10,proc=257
Thu Jun 12 10:24:57 2025,memory=52.35,cpu=46.00,uptime=32137.02,disk=35.53,net=10,proc=257
Thu Jun 12 10:25:07 2025,memory=52.02,cpu=39.00,uptime=32149.04,disk=35.53,net=10,proc=258
Thu Jun 12 10:25:17 2025,memory=51.48,cpu=33.00,uptime=32159.04,disk=35.53,net=10,proc=258
Thu Jun 12 10:25:27 2025,memory=51.74,cpu=44.00,uptime=32169.05,disk=35.53,net=10,proc=258
Thu Jun 12 10:25:37 2025,memory=51.73,cpu=67.00,uptime=32179.05,disk=35.53,net=10,proc=258
Thu Jun 12 10:30:10 2025,memory=52.27,cpu=18.00,uptime=32452.65,disk=35.53,net=10,proc=256
Thu Jun 12 10:30:20 2025,memory=52.16,cpu=16.00,uptime=32462.65,disk=35.53,net=10,proc=256
Thu Jun 12 10:30:50 2025,memory=52.01,cpu=9.00,uptime=32492.66,disk=35.53,net=10,proc=256memory=52.00,cpu=11.00,uptime=32482.66,disk=35.53,net=10,proc=256
Thu Jun 12 10:31:00 2025,memory=52.00,cpu=16.00,uptime=32502.67,disk=35.53,net=10,proc=256
Thu Jun 12 10:31:10 2025,memory=52.23,cpu=52.00,uptime=32512.67,disk=35.53,net=10,proc=256
Thu Jun 12 10:31:20 2025,memory=52.41,cpu=44.00,uptime=32522.68,disk=35.53,net=10,proc=256
Thu Jun 12 10:31:30 2025,memory=52.11,cpu=53.00,uptime=32532.68,disk=35.53,net=10,proc=256
Thu Jun 12 10:31:40 2025,memory=52.33,cpu=45.00,uptime=32542.69,disk=35.53,net=10,proc=256
Thu Jun 12 10:31:50 2025,memory=52.09,cpu=45.00,uptime=32552.71,disk=35.53,net=10,proc=256
Thu Jun 12 10:32:00 2025,memory=52.17,cpu=62.00,uptime=32562.72,disk=35.53,net=10,proc=257
Thu Jun 12 10:32:10 2025,memory=52.29,cpu=53.00,uptime=32572.73,disk=35.53,net=10,proc=257
Thu Jun 12 10:32:22 2025,memory=52.16,cpu=101.00,uptime=32582.74,disk=35.53,net=10,proc=257
Thu Jun 12 10:32:32 2025,memory=52.28,cpu=85.00,uptime=32594.75,disk=35.53,net=10,proc=260
Thu Jun 12 10:32:43 2025,memory=52.33,cpu=87.00,uptime=32604.76,disk=35.53,net=10,proc=260
Thu Jun 12 10:32:55 2025,memory=52.17,cpu=113.00,uptime=32614.79,disk=35.53,net=10,proc=260
Thu Jun 12 10:33:07 2025,memory=51.98,cpu=110.00,uptime=32626.96,disk=35.53,net=10,proc=260
Thu Jun 12 10:33:17 2025,memory=51.93,cpu=93.00,uptime=32639.00,disk=35.53,net=10,proc=260
Thu Jun 12 10:33:27 2025,memory=51.93,cpu=86.00,uptime=32649.01,disk=35.53,net=10,proc=260
Thu Jun 12 10:33:37 2025,memory=51.95,cpu=80.00,uptime=32659.02,disk=35.53,net=10,proc=260
Thu Jun 12 10:33:49 2025,memory=52.01,cpu=108.00,uptime=32669.05,disk=35.53,net=10,proc=260
Thu Jun 12 10:33:59 2025,memory=51.97,cpu=91.00,uptime=32681.47,disk=35.53,net=10,proc=260
Thu Jun 12 10:34:11 2025,memory=51.95,cpu=130.00,uptime=32691.49,disk=35.53,net=10,proc=260
Thu Jun 12 10:34:24 2025,memory=52.03,cpu=131.00,uptime=32703.62,disk=35.53,net=10,proc=262
Thu Jun 12 10:34:36 2025,memory=52.11,cpu=173.00,uptime=32715.82,disk=35.53,net=10,proc=262
Thu Jun 12 10:34:48 2025,memory=52.14,cpu=148.00,uptime=32727.93,disk=35.53,net=10,proc=262
Thu Jun 12 10:35:00 2025,memory=52.44,cpu=125.00,uptime=32739.94,disk=35.53,net=10,proc=262
Thu Jun 12 10:35:12 2025,memory=52.43,cpu=112.00,uptime=32751.97,disk=35.53,net=10,proc=262
Thu Jun 12 10:35:24 2025,memory=52.60,cpu=124.00,uptime=32763.98,disk=35.53,net=10,proc=262
Thu Jun 12 10:35:31 2025,memory=52.89,cpu=114.00,uptime=32771.66,disk=35.53,net=10,proc=262
Thu Jun 12 10:35:41 2025,memory=52.41,cpu=89.00,uptime=32783.67,disk=35.53,net=10,proc=262
Thu Jun 12 10:35:51 2025,memory=52.26,cpu=75.00,uptime=32793.67,disk=35.53,net=10,proc=262
Thu Jun 12 10:36:21 2025,memory=52.22,cpu=45.00,uptime=32823.69,disk=35.53,net=10,proc=262
Thu Jun 12 10:36:21 2025,memory=52.31,cpu=54.00,uptime=32813.68,disk=35.53,net=10,proc=262
Thu Jun 12 10:36:31 2025,memory=52.04,cpu=38.00,uptime=32833.69,disk=35.53,net=10,proc=262
Thu Jun 12 10:36:41 2025,memory=51.94,cpu=32.00,uptime=32843.70,disk=35.53,net=10,proc=262
Thu Jun 12 10:36:51 2025,memory=51.99,cpu=27.00,uptime=32853.70,disk=35.53,net=10,proc=262
Thu Jun 12 10:37:01 2025,memory=52.91,cpu=47.00,uptime=32863.70,disk=35.53,net=10,proc=262
Thu Jun 12 10:37:11 2025,memory=53.22,cpu=62.00,uptime=32873.71,disk=35.53,net=10,proc=261
Thu Jun 12 10:37:21 2025,memory=52.58,cpu=52.00,uptime=32883.71,disk=35.53,net=10,proc=261
Thu Jun 12 10:37:31 2025,memory=52.77,cpu=44.00,uptime=32893.71,disk=35.53,net=10,proc=261
Thu Jun 12 10:37:41 2025,memory=53.05,cpu=37.00,uptime=32903.72,disk=35.53,net=10,proc=262
Thu Jun 12 10:37:51 2025,memory=52.94,cpu=48.00,uptime=32913.73,disk=35.53,net=10,proc=259
Thu Jun 12 10:38:01 2025,memory=52.99,cpu=40.00,uptime=32923.73,disk=35.53,net=10,proc=259
Thu Jun 12 10:38:11 2025,memory=53.05,cpu=87.00,uptime=32933.74,disk=35.53,net=10,proc=259
Thu Jun 12 10:38:23 2025,memory=53.17,cpu=122.00,uptime=32943.75,disk=35.53,net=10,proc=259
Thu Jun 12 10:38:35 2025,memory=52.62,cpu=111.00,uptime=32955.76,disk=35.53,net=10,proc=259
Thu Jun 12 10:38:48 2025,memory=52.62,cpu=147.00,uptime=32967.77,disk=35.53,net=10,proc=259
Thu Jun 12 10:39:00 2025,memory=52.74,cpu=148.00,uptime=32979.78,disk=35.53,net=10,proc=259
Thu Jun 12 10:39:10 2025,memory=52.80,cpu=133.00,uptime=32991.79,disk=35.53,net=10,proc=259
Thu Jun 12 10:39:20 2025,memory=52.94,cpu=120.00,uptime=33001.79,disk=35.53,net=10,proc=259
Thu Jun 12 10:39:30 2025,memory=53.05,cpu=138.00,uptime=33011.80,disk=35.53,net=10,proc=258
Thu Jun 12 10:39:40 2025,memory=53.26,cpu=146.00,uptime=33021.80,disk=35.53,net=10,proc=258
Thu Jun 12 10:39:50 2025,memory=53.29,cpu=124.00,uptime=33031.80,disk=35.53,net=10,proc=258
Thu Jun 12 10:40:00 2025,memory=53.61,cpu=119.00,uptime=33041.80,disk=35.53,net=10,proc=258
Thu Jun 12 10:56:39 2025,memory=52.04,cpu=71.00,uptime=34041.62,disk=35.53,net=10,proc=260
Thu Jun 12 10:56:39 2025,memory=51.97,cpu=65.00,uptime=34031.62,disk=35.53,net=10,proc=259
Thu Jun 12 10:56:49 2025,memory=52.01,cpu=107.00,uptime=34051.63,disk=35.53,net=10,proc=260
Thu Jun 12 10:56:59 2025,memory=51.72,cpu=142.00,uptime=34061.63,disk=35.53,net=10,proc=260
Thu Jun 12 10:57:09 2025,memory=52.67,cpu=250.00,uptime=34071.64,disk=35.53,net=10,proc=260
Thu Jun 12 10:57:21 2025,memory=53.08,cpu=227.00,uptime=34081.65,disk=35.53,net=10,proc=260
Thu Jun 12 10:57:33 2025,memory=52.92,cpu=224.00,uptime=34093.66,disk=35.53,net=10,proc=260
Thu Jun 12 10:57:45 2025,memory=53.00,cpu=204.00,uptime=34105.69,disk=35.53,net=10,proc=259
Thu Jun 12 10:57:55 2025,memory=53.32,cpu=215.00,uptime=34117.71,disk=35.53,net=10,proc=259
Thu Jun 12 11:04:03 2025,memory=51.88,cpu=94.00,uptime=34484.86,disk=35.53,net=10,proc=257
Thu Jun 12 11:04:13 2025,memory=51.70,cpu=104.00,uptime=34494.86,disk=35.53,net=10,proc=257
Thu Jun 12 11:04:23 2025,memory=52.09,cpu=117.00,uptime=34504.86,disk=35.53,net=10,proc=257
Thu Jun 12 11:04:33 2025,memory=52.46,cpu=106.00,uptime=34514.87,disk=35.53,net=10,proc=257
Thu Jun 12 11:04:43 2025,memory=52.58,cpu=90.00,uptime=34524.87,disk=35.53,net=10,proc=257
Thu Jun 12 11:04:53 2025,memory=52.55,cpu=116.00,uptime=34534.88,disk=35.53,net=10,proc=258
Thu Jun 12 11:05:03 2025,memory=51.92,cpu=98.00,uptime=34544.88,disk=35.53,net=10,proc=258
Thu Jun 12 11:09:47 2025,memory=51.60,cpu=70.00,uptime=34829.42,disk=35.53,net=10,proc=257
Thu Jun 12 11:09:57 2025,memory=51.56,cpu=115.00,uptime=34839.42,disk=35.53,net=10,proc=256
Thu Jun 12 11:10:07 2025,memory=51.82,cpu=98.00,uptime=34849.43,disk=35.53,net=10,proc=256
Thu Jun 12 11:10:17 2025,memory=52.27,cpu=83.00,uptime=34859.43,disk=35.53,net=10,proc=257
Thu Jun 12 11:10:27 2025,memory=52.24,cpu=70.00,uptime=34869.45,disk=35.53,net=10,proc=257
Thu Jun 12 11:10:37 2025,memory=52.48,cpu=75.00,uptime=34879.45,disk=35.53,net=10,proc=257
Thu Jun 12 11:10:47 2025,memory=52.59,cpu=71.00,uptime=34889.47,disk=35.53,net=10,proc=257
Thu Jun 12 11:10:57 2025,memory=52.30,cpu=60.00,uptime=34899.48,disk=35.53,net=10,proc=258
Thu Jun 12 11:11:07 2025,memory=52.42,cpu=51.00,uptime=34909.48,disk=35.53,net=10,proc=258
Thu Jun 12 11:11:17 2025,memory=52.63,cpu=43.00,uptime=34919.48,disk=35.53,net=10,proc=259
Thu Jun 12 11:11:27 2025,memory=52.28,cpu=36.00,uptime=34929.51,disk=35.53,net=10,proc=260
Thu Jun 12 11:11:37 2025,memory=52.31,cpu=31.00,uptime=34939.53,disk=35.53,net=10,proc=260
Thu Jun 12 11:11:47 2025,memory=52.38,cpu=26.00,uptime=34949.57,disk=35.53,net=10,proc=260
Thu Jun 12 11:11:57 2025,memory=52.46,cpu=22.00,uptime=34959.58,disk=35.53,net=10,proc=260
Thu Jun 12 11:12:07 2025,memory=52.40,cpu=18.00,uptime=34969.58,disk=35.53,net=10,proc=260
Thu Jun 12 11:12:17 2025,memory=52.48,cpu=16.00,uptime=34979.60,disk=35.53,net=10,proc=260
Thu Jun 12 11:12:27 2025,memory=52.52,cpu=13.00,uptime=34989.61,disk=35.53,net=10,proc=260
Thu Jun 12 11:12:37 2025,memory=52.57,cpu=11.00,uptime=34999.61,disk=35.53,net=10,proc=260
Thu Jun 12 11:12:47 2025,memory=52.50,cpu=9.00,uptime=35009.62,disk=35.53,net=10,proc=259
Thu Jun 12 11:12:57 2025,memory=52.51,cpu=8.00,uptime=35019.63,disk=35.53,net=10,proc=259
Thu Jun 12 11:13:07 2025,memory=52.54,cpu=7.00,uptime=35029.65,disk=35.53,net=10,proc=259
Thu Jun 12 11:13:17 2025,memory=52.53,cpu=6.00,uptime=35039.66,disk=35.53,net=10,proc=259
Thu Jun 12 11:13:27 2025,memory=52.82,cpu=5.00,uptime=35049.66,disk=35.53,net=10,proc=259
Thu Jun 12 11:13:37 2025,memory=53.08,cpu=4.00,uptime=35059.67,disk=35.53,net=10,proc=259
Thu Jun 12 11:13:47 2025,memory=51.89,cpu=3.00,uptime=35069.68,disk=35.53,net=10,proc=259
Thu Jun 12 11:13:57 2025,memory=51.83,cpu=3.00,uptime=35079.68,disk=35.53,net=10,proc=259
Thu Jun 12 11:14:07 2025,memory=51.52,cpu=2.00,uptime=35089.69,disk=35.53,net=10,proc=260
Thu Jun 12 11:14:17 2025,memory=51.67,cpu=2.00,uptime=35099.69,disk=35.53,net=10,proc=260
Thu Jun 12 11:14:27 2025,memory=51.23,cpu=2.00,uptime=35109.70,disk=35.53,net=10,proc=260
Thu Jun 12 11:14:37 2025,memory=51.43,cpu=17.00,uptime=35119.70,disk=35.53,net=10,proc=260
Thu Jun 12 11:14:47 2025,memory=51.73,cpu=62.00,uptime=35129.71,disk=35.53,net=10,proc=260
Thu Jun 12 11:14:57 2025,memory=51.63,cpu=67.00,uptime=35139.71,disk=35.53,net=10,proc=260
Thu Jun 12 11:15:07 2025,memory=51.67,cpu=57.00,uptime=35149.72,disk=35.53,net=10,proc=260
Thu Jun 12 11:15:14 2025,memory=52.17,cpu=52.00,uptime=35156.00,disk=35.53,net=10,proc=260
Thu Jun 12 11:15:24 2025,memory=51.82,cpu=52.00,uptime=35166.00,disk=35.53,net=10,proc=259
Thu Jun 12 11:15:34 2025,memory=52.17,cpu=58.00,uptime=35176.01,disk=35.53,net=10,proc=259
Thu Jun 12 11:15:44 2025,memory=52.11,cpu=49.00,uptime=35186.02,disk=35.53,net=10,proc=259
Thu Jun 12 11:15:54 2025,memory=51.97,cpu=42.00,uptime=35196.02,disk=35.53,net=10,proc=259
Thu Jun 12 11:16:04 2025,memory=51.64,cpu=35.00,uptime=35206.03,disk=35.53,net=10,proc=259
Thu Jun 12 11:16:14 2025,memory=51.77,cpu=30.00,uptime=35216.03,disk=35.53,net=10,proc=259
Thu Jun 12 11:16:24 2025,memory=52.13,cpu=25.00,uptime=35226.04,disk=35.53,net=10,proc=258
Thu Jun 12 11:16:34 2025,memory=52.32,cpu=21.00,uptime=35236.04,disk=35.53,net=10,proc=257
Thu Jun 12 11:16:44 2025,memory=52.40,cpu=80.00,uptime=35246.05,disk=35.53,net=10,proc=257
Thu Jun 12 11:16:54 2025,memory=52.51,cpu=90.00,uptime=35256.05,disk=35.53,net=10,proc=258
Thu Jun 12 11:17:04 2025,memory=52.46,cpu=114.00,uptime=35266.06,disk=35.53,net=10,proc=258
Thu Jun 12 11:17:14 2025,memory=52.30,cpu=113.00,uptime=35276.06,disk=35.53,net=10,proc=258
Thu Jun 12 11:17:24 2025,memory=52.26,cpu=126.00,uptime=35286.07,disk=35.53,net=10,proc=259
Thu Jun 12 11:17:34 2025,memory=52.09,cpu=115.00,uptime=35296.08,disk=35.53,net=10,proc=259
Thu Jun 12 11:17:44 2025,memory=52.11,cpu=120.00,uptime=35306.08,disk=35.53,net=10,proc=259
Thu Jun 12 11:17:54 2025,memory=52.21,cpu=101.00,uptime=35316.08,disk=35.53,net=10,proc=259
Thu Jun 12 11:18:04 2025,memory=52.28,cpu=115.00,uptime=35326.09,disk=35.53,net=10,proc=259
Thu Jun 12 11:18:14 2025,memory=52.49,cpu=98.00,uptime=35336.09,disk=35.53,net=10,proc=259
Thu Jun 12 11:18:24 2025,memory=52.20,cpu=83.00,uptime=35346.09,disk=35.53,net=10,proc=258
Thu Jun 12 11:35:24 2025,memory=52.04,cpu=54.00,uptime=36365.90,disk=35.53,net=10,proc=264
Thu Jun 12 11:35:34 2025,memory=52.79,cpu=70.00,uptime=36375.91,disk=35.53,net=10,proc=261
Thu Jun 12 11:35:44 2025,memory=52.57,cpu=59.00,uptime=36385.92,disk=35.53,net=10,proc=261
Thu Jun 12 11:35:54 2025,memory=52.69,cpu=50.00,uptime=36395.93,disk=35.53,net=10,proc=261
Thu Jun 12 11:36:04 2025,memory=52.73,cpu=42.00,uptime=36405.93,disk=35.53,net=10,proc=261
Thu Jun 12 11:36:14 2025,memory=52.58,cpu=36.00,uptime=36415.93,disk=35.53,net=10,proc=260
Thu Jun 12 11:36:24 2025,memory=52.67,cpu=30.00,uptime=36425.94,disk=35.53,net=10,proc=260
Thu Jun 12 11:36:34 2025,memory=53.01,cpu=33.00,uptime=36435.94,disk=35.53,net=10,proc=260
Thu Jun 12 11:36:44 2025,memory=53.12,cpu=28.00,uptime=36445.95,disk=35.53,net=10,proc=260
Thu Jun 12 11:36:54 2025,memory=52.94,cpu=39.00,uptime=36455.95,disk=35.53,net=10,proc=260
Thu Jun 12 11:37:04 2025,memory=52.96,cpu=33.00,uptime=36465.96,disk=35.53,net=10,proc=260
Thu Jun 12 11:37:14 2025,memory=52.94,cpu=28.00,uptime=36475.96,disk=35.53,net=10,proc=260
Thu Jun 12 11:37:24 2025,memory=52.87,cpu=23.00,uptime=36485.97,disk=35.53,net=10,proc=261
Thu Jun 12 11:37:34 2025,memory=53.01,cpu=20.00,uptime=36495.97,disk=35.53,net=10,proc=261
Thu Jun 12 11:37:44 2025,memory=52.90,cpu=17.00,uptime=36505.98,disk=35.53,net=10,proc=261
Thu Jun 12 11:37:54 2025,memory=52.90,cpu=21.00,uptime=36515.98,disk=35.53,net=10,proc=261
Thu Jun 12 11:38:04 2025,memory=52.85,cpu=18.00,uptime=36525.99,disk=35.53,net=10,proc=262
Thu Jun 12 11:38:14 2025,memory=52.68,cpu=15.00,uptime=36535.99,disk=35.53,net=10,proc=262
Thu Jun 12 11:38:24 2025,memory=52.75,cpu=28.00,uptime=36545.99,disk=35.53,net=10,proc=261
Thu Jun 12 11:38:34 2025,memory=52.66,cpu=63.00,uptime=36555.99,disk=35.53,net=10,proc=261
Thu Jun 12 11:38:44 2025,memory=52.38,cpu=54.00,uptime=36566.00,disk=35.53,net=10,proc=260
Thu Jun 12 11:38:54 2025,memory=52.64,cpu=137.00,uptime=36576.00,disk=35.53,net=10,proc=260
Thu Jun 12 11:39:04 2025,memory=52.43,cpu=123.00,uptime=36586.00,disk=35.53,net=10,proc=259
Thu Jun 12 11:39:34 2025,memory=52.69,cpu=75.00,uptime=36616.02,disk=35.53,net=10,proc=259memory=52.44,cpu=88.00,uptime=36606.01,disk=35.53,net=10,proc=259
Thu Jun 12 11:39:44 2025,memory=52.61,cpu=79.00,uptime=36626.03,disk=35.53,net=10,proc=259
Thu Jun 12 11:39:54 2025,memory=52.19,cpu=83.00,uptime=36636.04,disk=35.53,net=10,proc=259
Thu Jun 12 11:40:04 2025,memory=52.66,cpu=70.00,uptime=36646.04,disk=35.53,net=10,proc=260
Thu Jun 12 11:40:14 2025,memory=52.73,cpu=59.00,uptime=36656.04,disk=35.53,net=10,proc=260
Thu Jun 12 11:40:24 2025,memory=52.80,cpu=50.00,uptime=36666.05,disk=35.53,net=10,proc=260
Thu Jun 12 11:40:34 2025,memory=52.87,cpu=66.00,uptime=36676.05,disk=35.53,net=10,proc=260
Thu Jun 12 11:40:44 2025,memory=52.84,cpu=64.00,uptime=36686.06,disk=35.53,net=10,proc=261
Thu Jun 12 11:40:54 2025,memory=52.66,cpu=54.00,uptime=36696.07,disk=35.53,net=10,proc=261
Thu Jun 12 11:41:04 2025,memory=52.60,cpu=53.00,uptime=36706.08,disk=35.53,net=10,proc=261
Thu Jun 12 11:41:14 2025,memory=52.72,cpu=45.00,uptime=36716.08,disk=35.53,net=10,proc=261
Thu Jun 12 11:41:24 2025,memory=52.59,cpu=46.00,uptime=36726.09,disk=35.53,net=10,proc=261
Thu Jun 12 11:41:34 2025,memory=52.65,cpu=39.00,uptime=36736.09,disk=35.53,net=10,proc=261
Thu Jun 12 11:41:44 2025,memory=52.63,cpu=33.00,uptime=36746.09,disk=35.53,net=10,proc=260
Thu Jun 12 11:41:54 2025,memory=52.86,cpu=35.00,uptime=36756.10,disk=35.53,net=10,proc=260
Thu Jun 12 11:42:04 2025,memory=52.45,cpu=30.00,uptime=36766.10,disk=35.53,net=10,proc=261
Thu Jun 12 11:42:14 2025,memory=52.69,cpu=41.00,uptime=36776.11,disk=35.53,net=10,proc=261
Thu Jun 12 11:42:24 2025,memory=51.89,cpu=67.00,uptime=36786.11,disk=35.53,net=10,proc=260
Thu Jun 12 11:42:34 2025,memory=52.11,cpu=57.00,uptime=36796.12,disk=35.53,net=10,proc=260
Thu Jun 12 11:43:04 2025,memory=52.01,cpu=41.00,uptime=36826.13,disk=35.53,net=10,proc=260memory=51.85,cpu=48.00,uptime=36816.13,disk=35.53,net=10,proc=260
Thu Jun 12 11:43:14 2025,memory=52.16,cpu=42.00,uptime=36836.14,disk=35.53,net=10,proc=260
Thu Jun 12 11:43:24 2025,memory=51.91,cpu=44.00,uptime=36846.15,disk=35.53,net=10,proc=259
Thu Jun 12 11:43:34 2025,memory=52.32,cpu=37.00,uptime=36856.15,disk=35.53,net=10,proc=259
Thu Jun 12 11:43:44 2025,memory=52.20,cpu=31.00,uptime=36866.15,disk=35.53,net=10,proc=259
Thu Jun 12 11:43:54 2025,memory=52.34,cpu=26.00,uptime=36876.16,disk=35.53,net=10,proc=258
Thu Jun 12 11:44:04 2025,memory=52.29,cpu=30.00,uptime=36886.16,disk=35.53,net=10,proc=258
Thu Jun 12 11:44:14 2025,memory=52.15,cpu=26.00,uptime=36896.17,disk=35.53,net=10,proc=258
Thu Jun 12 11:44:24 2025,memory=52.32,cpu=22.00,uptime=36906.17,disk=35.53,net=10,proc=258
Thu Jun 12 11:44:34 2025,memory=51.96,cpu=18.00,uptime=36916.17,disk=35.53,net=10,proc=258
Thu Jun 12 11:44:44 2025,memory=51.93,cpu=15.00,uptime=36926.18,disk=35.53,net=10,proc=258
Thu Jun 12 11:44:54 2025,memory=52.00,cpu=13.00,uptime=36936.20,disk=35.53,net=10,proc=258
Thu Jun 12 11:45:04 2025,memory=51.76,cpu=11.00,uptime=36946.20,disk=35.53,net=10,proc=259
Thu Jun 12 11:45:14 2025,memory=51.82,cpu=9.00,uptime=36956.20,disk=35.53,net=10,proc=259
Thu Jun 12 11:45:24 2025,memory=51.83,cpu=8.00,uptime=36966.24,disk=35.53,net=10,proc=259
Thu Jun 12 11:45:34 2025,memory=52.03,cpu=52.00,uptime=36976.24,disk=35.53,net=10,proc=258
Thu Jun 12 11:45:44 2025,memory=52.44,cpu=66.00,uptime=36986.25,disk=35.53,net=10,proc=257
Thu Jun 12 11:45:54 2025,memory=52.42,cpu=56.00,uptime=36996.25,disk=35.53,net=10,proc=257
Thu Jun 12 11:46:04 2025,memory=52.34,cpu=47.00,uptime=37006.25,disk=35.53,net=10,proc=258
Thu Jun 12 14:33:30 2025,memory=55.57,cpu=95.00,uptime=47052.24,disk=35.53,net=10,proc=261
Thu Jun 12 14:33:40 2025,memory=55.63,cpu=89.00,uptime=47062.25,disk=35.53,net=10,proc=258
Thu Jun 12 14:33:43 2025,memory=55.73,cpu=97.00,uptime=47065.10,disk=35.53,net=10,proc=259
Thu Jun 12 14:33:50 2025,memory=55.58,cpu=90.00,uptime=47072.25,disk=35.53,net=10,proc=260
Thu Jun 12 14:33:53 2025,memory=55.54,cpu=99.00,uptime=47075.10,disk=35.53,net=10,proc=260
Thu Jun 12 14:34:00 2025,memory=55.61,cpu=99.00,uptime=47082.26,disk=35.53,net=10,proc=260
Thu Jun 12 14:34:03 2025,memory=55.70,cpu=99.00,uptime=47085.10,disk=35.53,net=10,proc=260
Thu Jun 12 14:34:10 2025,memory=55.63,cpu=99.00,uptime=47092.26,disk=35.53,net=10,proc=260
Thu Jun 12 14:34:13 2025,memory=55.64,cpu=91.00,uptime=47095.11,disk=35.53,net=10,proc=260
Thu Jun 12 14:34:20 2025,memory=55.64,cpu=92.00,uptime=47102.26,disk=35.53,net=10,proc=261
Thu Jun 12 14:34:23 2025,memory=55.64,cpu=84.00,uptime=47105.11,disk=35.53,net=10,proc=261
Thu Jun 12 14:34:30 2025,memory=55.66,cpu=118.00,uptime=47112.26,disk=35.53,net=10,proc=261
Thu Jun 12 14:34:33 2025,memory=55.32,cpu=108.00,uptime=47115.12,disk=35.53,net=10,proc=261
Thu Jun 12 14:34:40 2025,memory=55.73,cpu=124.00,uptime=47122.26,disk=35.53,net=10,proc=261
Thu Jun 12 14:34:43 2025,memory=55.69,cpu=138.00,uptime=47125.12,disk=35.53,net=10,proc=261
Thu Jun 12 14:34:50 2025,memory=55.45,cpu=135.00,uptime=47132.27,disk=35.53,net=10,proc=261
Thu Jun 12 14:34:53 2025,memory=56.19,cpu=148.00,uptime=47135.12,disk=35.53,net=10,proc=261
Thu Jun 12 14:35:00 2025,memory=56.40,cpu=144.00,uptime=47142.28,disk=35.53,net=10,proc=261
Thu Jun 12 14:35:03 2025,memory=56.47,cpu=141.00,uptime=47145.12,disk=35.53,net=10,proc=261
Thu Jun 12 14:35:10 2025,memory=55.78,cpu=153.00,uptime=47152.28,disk=35.53,net=10,proc=261
Thu Jun 12 14:35:13 2025,memory=56.21,cpu=157.00,uptime=47155.13,disk=35.53,net=10,proc=261
Thu Jun 12 14:35:20 2025,memory=56.21,cpu=169.00,uptime=47162.28,disk=35.53,net=10,proc=261
Thu Jun 12 14:35:23 2025,memory=56.35,cpu=171.00,uptime=47165.13,disk=35.53,net=10,proc=261
Thu Jun 12 14:35:30 2025,memory=56.49,cpu=197.00,uptime=47172.29,disk=35.53,net=10,proc=261
Thu Jun 12 14:35:33 2025,memory=56.52,cpu=198.00,uptime=47175.13,disk=35.53,net=10,proc=261
Thu Jun 12 14:35:40 2025,memory=56.90,cpu=182.00,uptime=47182.29,disk=35.53,net=10,proc=261
Thu Jun 12 14:35:43 2025,memory=56.92,cpu=199.00,uptime=47185.14,disk=35.53,net=10,proc=261
Thu Jun 12 14:35:50 2025,memory=56.91,cpu=191.00,uptime=47192.29,disk=35.53,net=10,proc=261
Thu Jun 12 14:35:53 2025,memory=56.76,cpu=176.00,uptime=47195.14,disk=35.53,net=10,proc=261
Thu Jun 12 14:36:00 2025,memory=56.74,cpu=162.00,uptime=47202.30,disk=35.53,net=10,proc=261
Thu Jun 12 14:36:03 2025,memory=56.69,cpu=149.00,uptime=47205.15,disk=35.53,net=10,proc=261
Thu Jun 12 14:36:10 2025,memory=56.19,cpu=137.00,uptime=47212.30,disk=35.53,net=10,proc=261
Thu Jun 12 14:36:13 2025,memory=56.16,cpu=142.00,uptime=47215.15,disk=35.53,net=10,proc=261
Thu Jun 12 14:36:20 2025,memory=55.59,cpu=131.00,uptime=47222.31,disk=35.53,net=10,proc=261
Thu Jun 12 14:36:23 2025,memory=55.62,cpu=128.00,uptime=47225.15,disk=35.53,net=10,proc=261
Thu Jun 12 14:36:30 2025,memory=55.71,cpu=126.00,uptime=47232.31,disk=35.53,net=10,proc=261
Thu Jun 12 14:36:33 2025,memory=55.73,cpu=116.00,uptime=47235.16,disk=35.53,net=10,proc=261
Thu Jun 12 14:36:40 2025,memory=56.13,cpu=114.00,uptime=47242.31,disk=35.53,net=10,proc=261
Thu Jun 12 14:36:43 2025,memory=56.20,cpu=121.00,uptime=47245.16,disk=35.53,net=10,proc=261
